# JRE version: OpenJDK Runtime Environment (8.0_152-b01) (build 1.8.0_152-release-915-b01)
# Java VM: OpenJDK 64-Bit Server VM (25.152-b01 mixed mode windows-amd64 compressed oops)
Heap:
 PSYoungGen      total 143872K, used 116219K [0x00000000e0000000, 0x00000000eb000000, 0x0000000100000000)
  eden space 125440K, 86% used [0x00000000e0000000,0x00000000e6a8ae18,0x00000000e7a80000)
  from space 18432K, 38% used [0x00000000e7a80000,0x00000000e8174050,0x00000000e8c80000)
  to   space 17920K, 0% used [0x00000000e9e80000,0x00000000e9e80000,0x00000000eb000000)
 ParOldGen       total 111104K, used 47972K [0x00000000a0000000, 0x00000000a6c80000, 0x00000000e0000000)
  object space 111104K, 43% used [0x00000000a0000000,0x00000000a2ed9298,0x00000000a6c80000)
 Metaspace       used 61818K, capacity 64680K, committed 64916K, reserved 1105920K
  class space    used 8294K, capacity 9059K, committed 9148K, reserved 1048576K
GC Heap History (10 events):
Event: 34.505 GC heap before
{Heap before GC invocations=18 (full 2):
 PSYoungGen      total 99840K, used 99830K [0x00000000e0000000, 0x00000000e8c00000, 0x0000000100000000)
  eden space 85504K, 100% used [0x00000000e0000000,0x00000000e5380000,0x00000000e5380000)
  from space 14336K, 99% used [0x00000000e5380000,0x00000000e617d8c8,0x00000000e6180000)
  to   space 17408K, 0% used [0x00000000e7b00000,0x00000000e7b00000,0x00000000e8c00000)
 ParOldGen       total 59904K, used 20600K [0x00000000a0000000, 0x00000000a3a80000, 0x00000000e0000000)
  object space 59904K, 34% used [0x00000000a0000000,0x00000000a141e148,0x00000000a3a80000)
 Metaspace       used 53177K, capacity 54882K, committed 55128K, reserved 1097728K
  class space    used 7265K, capacity 7752K, committed 7808K, reserved 1048576K
Event: 34.634 GC heap after
Heap after GC invocations=18 (full 2):
 PSYoungGen      total 123904K, used 15469K [0x00000000e0000000, 0x00000000e9500000, 0x0000000100000000)
  eden space 106496K, 0% used [0x00000000e0000000,0x00000000e0000000,0x00000000e6800000)
  from space 17408K, 88% used [0x00000000e7b00000,0x00000000e8a1b658,0x00000000e8c00000)
  to   space 19456K, 0% used [0x00000000e6800000,0x00000000e6800000,0x00000000e7b00000)
 ParOldGen       total 59904K, used 28252K [0x00000000a0000000, 0x00000000a3a80000, 0x00000000e0000000)
  object space 59904K, 47% used [0x00000000a0000000,0x00000000a1b97238,0x00000000a3a80000)
 Metaspace       used 53177K, capacity 54882K, committed 55128K, reserved 1097728K
  class space    used 7265K, capacity 7752K, committed 7808K, reserved 1048576K
}
Event: 37.067 GC heap before
{Heap before GC invocations=19 (full 2):
 PSYoungGen      total 123904K, used 97180K [0x00000000e0000000, 0x00000000e9500000, 0x0000000100000000)
  eden space 106496K, 76% used [0x00000000e0000000,0x00000000e4fcbca8,0x00000000e6800000)
  from space 17408K, 88% used [0x00000000e7b00000,0x00000000e8a1b658,0x00000000e8c00000)
  to   space 19456K, 0% used [0x00000000e6800000,0x00000000e6800000,0x00000000e7b00000)
 ParOldGen       total 59904K, used 28252K [0x00000000a0000000, 0x00000000a3a80000, 0x00000000e0000000)
  object space 59904K, 47% used [0x00000000a0000000,0x00000000a1b97238,0x00000000a3a80000)
 Metaspace       used 56571K, capacity 58944K, committed 59028K, reserved 1099776K
  class space    used 7720K, capacity 8343K, committed 8380K, reserved 1048576K
Event: 37.147 GC heap after
Heap after GC invocations=19 (full 2):
 PSYoungGen      total 125952K, used 10711K [0x00000000e0000000, 0x00000000ea500000, 0x0000000100000000)
  eden space 106496K, 0% used [0x00000000e0000000,0x00000000e0000000,0x00000000e6800000)
  from space 19456K, 55% used [0x00000000e6800000,0x00000000e7275ed0,0x00000000e7b00000)
  to   space 18944K, 0% used [0x00000000e9280000,0x00000000e9280000,0x00000000ea500000)
 ParOldGen       total 59904K, used 41916K [0x00000000a0000000, 0x00000000a3a80000, 0x00000000e0000000)
  object space 59904K, 69% used [0x00000000a0000000,0x00000000a28ef2c8,0x00000000a3a80000)
 Metaspace       used 56571K, capacity 58944K, committed 59028K, reserved 1099776K
  class space    used 7720K, capacity 8343K, committed 8380K, reserved 1048576K
}
Event: 37.147 GC heap before
{Heap before GC invocations=20 (full 3):
 PSYoungGen      total 125952K, used 10711K [0x00000000e0000000, 0x00000000ea500000, 0x0000000100000000)
  eden space 106496K, 0% used [0x00000000e0000000,0x00000000e0000000,0x00000000e6800000)
  from space 19456K, 55% used [0x00000000e6800000,0x00000000e7275ed0,0x00000000e7b00000)
  to   space 18944K, 0% used [0x00000000e9280000,0x00000000e9280000,0x00000000ea500000)
 ParOldGen       total 59904K, used 41916K [0x00000000a0000000, 0x00000000a3a80000, 0x00000000e0000000)
  object space 59904K, 69% used [0x00000000a0000000,0x00000000a28ef2c8,0x00000000a3a80000)
 Metaspace       used 56571K, capacity 58944K, committed 59028K, reserved 1099776K
  class space    used 7720K, capacity 8343K, committed 8380K, reserved 1048576K
Event: 37.806 GC heap after
Heap after GC invocations=20 (full 3):
 PSYoungGen      total 125952K, used 0K [0x00000000e0000000, 0x00000000ea500000, 0x0000000100000000)
  eden space 106496K, 0% used [0x00000000e0000000,0x00000000e0000000,0x00000000e6800000)
  from space 19456K, 0% used [0x00000000e6800000,0x00000000e6800000,0x00000000e7b00000)
  to   space 18944K, 0% used [0x00000000e9280000,0x00000000e9280000,0x00000000ea500000)
 ParOldGen       total 111104K, used 47956K [0x00000000a0000000, 0x00000000a6c80000, 0x00000000e0000000)
  object space 111104K, 43% used [0x00000000a0000000,0x00000000a2ed5298,0x00000000a6c80000)
 Metaspace       used 56571K, capacity 58944K, committed 59028K, reserved 1099776K
  class space    used 7720K, capacity 8343K, committed 8380K, reserved 1048576K
}
Event: 63.291 GC heap before
{Heap before GC invocations=21 (full 3):
 PSYoungGen      total 125952K, used 106496K [0x00000000e0000000, 0x00000000ea500000, 0x0000000100000000)
  eden space 106496K, 100% used [0x00000000e0000000,0x00000000e6800000,0x00000000e6800000)
  from space 19456K, 0% used [0x00000000e6800000,0x00000000e6800000,0x00000000e7b00000)
  to   space 18944K, 0% used [0x00000000e9280000,0x00000000e9280000,0x00000000ea500000)
 ParOldGen       total 111104K, used 47956K [0x00000000a0000000, 0x00000000a6c80000, 0x00000000e0000000)
  object space 111104K, 43% used [0x00000000a0000000,0x00000000a2ed5298,0x00000000a6c80000)
 Metaspace       used 57685K, capacity 60208K, committed 60436K, reserved 1101824K
  class space    used 7788K, capacity 8447K, committed 8508K, reserved 1048576K
Event: 63.360 GC heap after
Heap after GC invocations=21 (full 3):
 PSYoungGen      total 137728K, used 4849K [0x00000000e0000000, 0x00000000e9e80000, 0x0000000100000000)
  eden space 125440K, 0% used [0x00000000e0000000,0x00000000e0000000,0x00000000e7a80000)
  from space 12288K, 39% used [0x00000000e9280000,0x00000000e973c778,0x00000000e9e80000)
  to   space 18432K, 0% used [0x00000000e7a80000,0x00000000e7a80000,0x00000000e8c80000)
 ParOldGen       total 111104K, used 47964K [0x00000000a0000000, 0x00000000a6c80000, 0x00000000e0000000)
  object space 111104K, 43% used [0x00000000a0000000,0x00000000a2ed7298,0x00000000a6c80000)
 Metaspace       used 57685K, capacity 60208K, committed 60436K, reserved 1101824K
  class space    used 7788K, capacity 8447K, committed 8508K, reserved 1048576K
}
Event: 352.842 GC heap before
{Heap before GC invocations=22 (full 3):
 PSYoungGen      total 137728K, used 130289K [0x00000000e0000000, 0x00000000e9e80000, 0x0000000100000000)
  eden space 125440K, 100% used [0x00000000e0000000,0x00000000e7a80000,0x00000000e7a80000)
  from space 12288K, 39% used [0x00000000e9280000,0x00000000e973c778,0x00000000e9e80000)
  to   space 18432K, 0% used [0x00000000e7a80000,0x00000000e7a80000,0x00000000e8c80000)
 ParOldGen       total 111104K, used 47964K [0x00000000a0000000, 0x00000000a6c80000, 0x00000000e0000000)
  object space 111104K, 43% used [0x00000000a0000000,0x00000000a2ed7298,0x00000000a6c80000)
 Metaspace       used 60415K, capacity 63216K, committed 63380K, reserved 1103872K
  class space    used 8140K, capacity 8859K, committed 8892K, reserved 1048576K
Event: 352.991 GC heap after
Heap after GC invocations=22 (full 3):
 PSYoungGen      total 143872K, used 7120K [0x00000000e0000000, 0x00000000eb000000, 0x0000000100000000)
  eden space 125440K, 0% used [0x00000000e0000000,0x00000000e0000000,0x00000000e7a80000)
  from space 18432K, 38% used [0x00000000e7a80000,0x00000000e8174050,0x00000000e8c80000)
  to   space 17920K, 0% used [0x00000000e9e80000,0x00000000e9e80000,0x00000000eb000000)
 ParOldGen       total 111104K, used 47972K [0x00000000a0000000, 0x00000000a6c80000, 0x00000000e0000000)
  object space 111104K, 43% used [0x00000000a0000000,0x00000000a2ed9298,0x00000000a6c80000)
 Metaspace       used 60415K, capacity 63216K, committed 63380K, reserved 1103872K
  class space    used 8140K, capacity 8859K, committed 8892K, reserved 1048576K
}

