# JRE version: OpenJDK Runtime Environment (8.0_152-b01) (build 1.8.0_152-release-915-b01)
# Java VM: OpenJDK 64-Bit Server VM (25.152-b01 mixed mode windows-amd64 compressed oops)
Heap:
 PSYoungGen      total 197120K, used 169750K [0x00000000e0000000, 0x00000000ef100000, 0x0000000100000000)
  eden space 182272K, 88% used [0x00000000e0000000,0x00000000e9ca8860,0x00000000eb200000)
  from space 14848K, 62% used [0x00000000eb200000,0x00000000ebb1d0e0,0x00000000ec080000)
  to   space 15360K, 0% used [0x00000000ee200000,0x00000000ee200000,0x00000000ef100000)
 ParOldGen       total 104960K, used 47752K [0x00000000a0000000, 0x00000000a6680000, 0x00000000e0000000)
  object space 104960K, 45% used [0x00000000a0000000,0x00000000a2ea23d8,0x00000000a6680000)
 Metaspace       used 63456K, capacity 66486K, committed 66648K, reserved 1105920K
  class space    used 8518K, capacity 9297K, committed 9344K, reserved 1048576K
GC Heap History (10 events):
Event: 34.301 GC heap before
{Heap before GC invocations=18 (full 2):
 PSYoungGen      total 120832K, used 120815K [0x00000000e0000000, 0x00000000ea780000, 0x0000000100000000)
  eden space 109568K, 100% used [0x00000000e0000000,0x00000000e6b00000,0x00000000e6b00000)
  from space 11264K, 99% used [0x00000000e6b00000,0x00000000e75fbe10,0x00000000e7600000)
  to   space 13824K, 0% used [0x00000000e9a00000,0x00000000e9a00000,0x00000000ea780000)
 ParOldGen       total 58368K, used 30595K [0x00000000a0000000, 0x00000000a3900000, 0x00000000e0000000)
  object space 58368K, 52% used [0x00000000a0000000,0x00000000a1de0d80,0x00000000a3900000)
 Metaspace       used 55383K, capacity 57758K, committed 57944K, reserved 1099776K
  class space    used 7636K, capacity 8309K, committed 8320K, reserved 1048576K
Event: 34.359 GC heap after
Heap after GC invocations=18 (full 2):
 PSYoungGen      total 156160K, used 13399K [0x00000000e0000000, 0x00000000eb000000, 0x0000000100000000)
  eden space 142336K, 0% used [0x00000000e0000000,0x00000000e0000000,0x00000000e8b00000)
  from space 13824K, 96% used [0x00000000e9a00000,0x00000000ea715f28,0x00000000ea780000)
  to   space 15360K, 0% used [0x00000000e8b00000,0x00000000e8b00000,0x00000000e9a00000)
 ParOldGen       total 58368K, used 40323K [0x00000000a0000000, 0x00000000a3900000, 0x00000000e0000000)
  object space 58368K, 69% used [0x00000000a0000000,0x00000000a2760dd0,0x00000000a3900000)
 Metaspace       used 55383K, capacity 57758K, committed 57944K, reserved 1099776K
  class space    used 7636K, capacity 8309K, committed 8320K, reserved 1048576K
}
Event: 34.532 GC heap before
{Heap before GC invocations=19 (full 2):
 PSYoungGen      total 156160K, used 19205K [0x00000000e0000000, 0x00000000eb000000, 0x0000000100000000)
  eden space 142336K, 4% used [0x00000000e0000000,0x00000000e05ab5f0,0x00000000e8b00000)
  from space 13824K, 96% used [0x00000000e9a00000,0x00000000ea715f28,0x00000000ea780000)
  to   space 15360K, 0% used [0x00000000e8b00000,0x00000000e8b00000,0x00000000e9a00000)
 ParOldGen       total 58368K, used 40323K [0x00000000a0000000, 0x00000000a3900000, 0x00000000e0000000)
  object space 58368K, 69% used [0x00000000a0000000,0x00000000a2760dd0,0x00000000a3900000)
 Metaspace       used 56560K, capacity 58910K, committed 59028K, reserved 1099776K
  class space    used 7720K, capacity 8373K, committed 8448K, reserved 1048576K
Event: 34.562 GC heap after
Heap after GC invocations=19 (full 2):
 PSYoungGen      total 157696K, used 1102K [0x00000000e0000000, 0x00000000ed800000, 0x0000000100000000)
  eden space 142336K, 0% used [0x00000000e0000000,0x00000000e0000000,0x00000000e8b00000)
  from space 15360K, 7% used [0x00000000e8b00000,0x00000000e8c13a50,0x00000000e9a00000)
  to   space 15872K, 0% used [0x00000000ec880000,0x00000000ec880000,0x00000000ed800000)
 ParOldGen       total 58368K, used 52729K [0x00000000a0000000, 0x00000000a3900000, 0x00000000e0000000)
  object space 58368K, 90% used [0x00000000a0000000,0x00000000a337e4c8,0x00000000a3900000)
 Metaspace       used 56560K, capacity 58910K, committed 59028K, reserved 1099776K
  class space    used 7720K, capacity 8373K, committed 8448K, reserved 1048576K
}
Event: 34.562 GC heap before
{Heap before GC invocations=20 (full 3):
 PSYoungGen      total 157696K, used 1102K [0x00000000e0000000, 0x00000000ed800000, 0x0000000100000000)
  eden space 142336K, 0% used [0x00000000e0000000,0x00000000e0000000,0x00000000e8b00000)
  from space 15360K, 7% used [0x00000000e8b00000,0x00000000e8c13a50,0x00000000e9a00000)
  to   space 15872K, 0% used [0x00000000ec880000,0x00000000ec880000,0x00000000ed800000)
 ParOldGen       total 58368K, used 52729K [0x00000000a0000000, 0x00000000a3900000, 0x00000000e0000000)
  object space 58368K, 90% used [0x00000000a0000000,0x00000000a337e4c8,0x00000000a3900000)
 Metaspace       used 56560K, capacity 58910K, committed 59028K, reserved 1099776K
  class space    used 7720K, capacity 8373K, committed 8448K, reserved 1048576K
Event: 35.252 GC heap after
Heap after GC invocations=20 (full 3):
 PSYoungGen      total 157696K, used 0K [0x00000000e0000000, 0x00000000ed800000, 0x0000000100000000)
  eden space 142336K, 0% used [0x00000000e0000000,0x00000000e0000000,0x00000000e8b00000)
  from space 15360K, 0% used [0x00000000e8b00000,0x00000000e8b00000,0x00000000e9a00000)
  to   space 15872K, 0% used [0x00000000ec880000,0x00000000ec880000,0x00000000ed800000)
 ParOldGen       total 104960K, used 47328K [0x00000000a0000000, 0x00000000a6680000, 0x00000000e0000000)
  object space 104960K, 45% used [0x00000000a0000000,0x00000000a2e38388,0x00000000a6680000)
 Metaspace       used 56560K, capacity 58910K, committed 59028K, reserved 1099776K
  class space    used 7720K, capacity 8373K, committed 8448K, reserved 1048576K
}
Event: 59.639 GC heap before
{Heap before GC invocations=21 (full 3):
 PSYoungGen      total 157696K, used 142336K [0x00000000e0000000, 0x00000000ed800000, 0x0000000100000000)
  eden space 142336K, 100% used [0x00000000e0000000,0x00000000e8b00000,0x00000000e8b00000)
  from space 15360K, 0% used [0x00000000e8b00000,0x00000000e8b00000,0x00000000e9a00000)
  to   space 15872K, 0% used [0x00000000ec880000,0x00000000ec880000,0x00000000ed800000)
 ParOldGen       total 104960K, used 47328K [0x00000000a0000000, 0x00000000a6680000, 0x00000000e0000000)
  object space 104960K, 45% used [0x00000000a0000000,0x00000000a2e38388,0x00000000a6680000)
 Metaspace       used 57743K, capacity 60308K, committed 60504K, reserved 1101824K
  class space    used 7788K, capacity 8478K, committed 8576K, reserved 1048576K
Event: 59.672 GC heap after
Heap after GC invocations=21 (full 3):
 PSYoungGen      total 184320K, used 6314K [0x00000000e0000000, 0x00000000ecf00000, 0x0000000100000000)
  eden space 177664K, 0% used [0x00000000e0000000,0x00000000e0000000,0x00000000ead80000)
  from space 6656K, 94% used [0x00000000ec880000,0x00000000eceaab98,0x00000000ecf00000)
  to   space 14848K, 0% used [0x00000000eb200000,0x00000000eb200000,0x00000000ec080000)
 ParOldGen       total 104960K, used 47336K [0x00000000a0000000, 0x00000000a6680000, 0x00000000e0000000)
  object space 104960K, 45% used [0x00000000a0000000,0x00000000a2e3a388,0x00000000a6680000)
 Metaspace       used 57743K, capacity 60308K, committed 60504K, reserved 1101824K
  class space    used 7788K, capacity 8478K, committed 8576K, reserved 1048576K
}
Event: 107.152 GC heap before
{Heap before GC invocations=22 (full 3):
 PSYoungGen      total 184320K, used 183978K [0x00000000e0000000, 0x00000000ecf00000, 0x0000000100000000)
  eden space 177664K, 100% used [0x00000000e0000000,0x00000000ead80000,0x00000000ead80000)
  from space 6656K, 94% used [0x00000000ec880000,0x00000000eceaab98,0x00000000ecf00000)
  to   space 14848K, 0% used [0x00000000eb200000,0x00000000eb200000,0x00000000ec080000)
 ParOldGen       total 104960K, used 47336K [0x00000000a0000000, 0x00000000a6680000, 0x00000000e0000000)
  object space 104960K, 45% used [0x00000000a0000000,0x00000000a2e3a388,0x00000000a6680000)
 Metaspace       used 60929K, capacity 63812K, committed 64088K, reserved 1103872K
  class space    used 8201K, capacity 8972K, committed 9088K, reserved 1048576K
Event: 107.173 GC heap after
Heap after GC invocations=22 (full 3):
 PSYoungGen      total 197120K, used 9332K [0x00000000e0000000, 0x00000000ef100000, 0x0000000100000000)
  eden space 182272K, 0% used [0x00000000e0000000,0x00000000e0000000,0x00000000eb200000)
  from space 14848K, 62% used [0x00000000eb200000,0x00000000ebb1d0e0,0x00000000ec080000)
  to   space 15360K, 0% used [0x00000000ee200000,0x00000000ee200000,0x00000000ef100000)
 ParOldGen       total 104960K, used 47752K [0x00000000a0000000, 0x00000000a6680000, 0x00000000e0000000)
  object space 104960K, 45% used [0x00000000a0000000,0x00000000a2ea23d8,0x00000000a6680000)
 Metaspace       used 60929K, capacity 63812K, committed 64088K, reserved 1103872K
  class space    used 8201K, capacity 8972K, committed 9088K, reserved 1048576K
}

